[2020-04-04 16:25:32] local.ERROR: SQLSTATE[42S02]: Base table or view not found: 1146 Table 'fm.telescope_entries' doesn't exist (SQL: insert into `telescope_entries` (`batch_id`, `content`, `created_at`, `family_hash`, `type`, `uuid`) values (903f5929-1e04-44b1-b953-76f700bc63e7, {"name":"homepage","path":"\\resources\\views\/homepage.blade.php","data":[],"hostname":"DESKTOP-C8R71JV"}, 2020-04-04 16:25:31, ?, view, 903f5928-d088-4c0c-bb37-f4779e33de57), (903f5929-1e04-44b1-b953-76f700bc63e7, {"uri":"\/","method":"GET","controller_action":"\\Illuminate\\Routing\\ViewController","middleware":["web"],"headers":{"host":"127.0.0.1:8000","user-agent":"Mozilla\/5.0 (Windows NT 10.0; Win64; x64; rv:74.0) Gecko\/20100101 Firefox\/74.0","accept":"text\/html,application\/xhtml+xml,application\/xml;q=0.9,image\/webp,*\/*;q=0.8","accept-language":"en-US,en;q=0.5","accept-encoding":"gzip, deflate","connection":"keep-alive","upgrade-insecure-requests":"1","dnt":"1"},"payload":[],"session":{"_token":"TVCCPZDXdnSN7D4h3PSsbPKoS0qwXkOwDYZ6Q6z3","_previous":{"url":"http:\/\/127.0.0.1:8000"},"_flash":{"old":[],"new":[]}},"response_status":200,"response":{"view":"E:\\wamp64\\www\\New-Project\\resources\\views\/homepage.blade.php","data":[]},"duration":1149,"memory":8,"hostname":"DESKTOP-C8R71JV"}, 2020-04-04 16:25:32, ?, request, 903f5929-1db8-43c8-b373-cea13c679535)) {"exception":"[object] (Illuminate\\Database\\QueryException(code: 42S02): SQLSTATE[42S02]: Base table or view not found: 1146 Table 'fm.telescope_entries' doesn't exist (SQL: insert into `telescope_entries` (`batch_id`, `content`, `created_at`, `family_hash`, `type`, `uuid`) values (903f5929-1e04-44b1-b953-76f700bc63e7, {\"name\":\"homepage\",\"path\":\"\\\esources\\\\views\\/homepage.blade.php\",\"data\":[],\"hostname\":\"DESKTOP-C8R71JV\"}, 2020-04-04 16:25:31, ?, view, 903f5928-d088-4c0c-bb37-f4779e33de57), (903f5929-1e04-44b1-b953-76f700bc63e7, {\"uri\":\"\\/\",\"method\":\"GET\",\"controller_action\":\"\\\\Illuminate\\\\Routing\\\\ViewController\",\"middleware\":[\"web\"],\"headers\":{\"host\":\"127.0.0.1:8000\",\"user-agent\":\"Mozilla\\/5.0 (Windows NT 10.0; Win64; x64; rv:74.0) Gecko\\/20100101 Firefox\\/74.0\",\"accept\":\"text\\/html,application\\/xhtml+xml,application\\/xml;q=0.9,image\\/webp,*\\/*;q=0.8\",\"accept-language\":\"en-US,en;q=0.5\",\"accept-encoding\":\"gzip, deflate\",\"connection\":\"keep-alive\",\"upgrade-insecure-requests\":\"1\",\"dnt\":\"1\"},\"payload\":[],\"session\":{\"_token\":\"TVCCPZDXdnSN7D4h3PSsbPKoS0qwXkOwDYZ6Q6z3\",\"_previous\":{\"url\":\"http:\\/\\/127.0.0.1:8000\"},\"_flash\":{\"old\":[],\"new\":[]}},\"response_status\":200,\"response\":{\"view\":\"E:\\\\wamp64\\\\www\\\\New-Project\\\esources\\\\views\\/homepage.blade.php\",\"data\":[]},\"duration\":1149,\"memory\":8,\"hostname\":\"DESKTOP-C8R71JV\"}, 2020-04-04 16:25:32, ?, request, 903f5929-1db8-43c8-b373-cea13c679535)) at E:\\wamp64\\www\\New-Project\\vendor\\laravel\\framework\\src\\Illuminate\\Database\\Connection.php:664, PDOException(code: 42S02): SQLSTATE[42S02]: Base table or view not found: 1146 Table 'fm.telescope_entries' doesn't exist at E:\\wamp64\\www\\New-Project\\vendor\\laravel\\framework\\src\\Illuminate\\Database\\Connection.php:452)
[stacktrace]
#0 E:\\wamp64\\www\\New-Project\\vendor\\laravel\\framework\\src\\Illuminate\\Database\\Connection.php(624): Illuminate\\Database\\Connection->runQueryCallback('insert into `te...', Array, Object(Closure))
#1 E:\\wamp64\\www\\New-Project\\vendor\\laravel\\framework\\src\\Illuminate\\Database\\Connection.php(459): Illuminate\\Database\\Connection->run('insert into `te...', Array, Object(Closure))
#2 E:\\wamp64\\www\\New-Project\\vendor\\laravel\\framework\\src\\Illuminate\\Database\\Connection.php(411): Illuminate\\Database\\Connection->statement('insert into `te...', Array)
#3 E:\\wamp64\\www\\New-Project\\vendor\\laravel\\framework\\src\\Illuminate\\Database\\Query\\Builder.php(2640): Illuminate\\Database\\Connection->insert('insert into `te...', Array)
#4 E:\\wamp64\\www\\New-Project\\vendor\\laravel\\telescope\\src\\Storage\\DatabaseEntriesRepository.php(148): Illuminate\\Database\\Query\\Builder->insert(Array)
#5 E:\\wamp64\\www\\New-Project\\vendor\\laravel\\framework\\src\\Illuminate\\Support\\Collection.php(475): Laravel\\Telescope\\Storage\\DatabaseEntriesRepository->Laravel\\Telescope\\Storage\\{closure}(Object(Illuminate\\Support\\Collection), 0)
#6 E:\\wamp64\\www\\New-Project\\vendor\\laravel\\telescope\\src\\Storage\\DatabaseEntriesRepository.php(149): Illuminate\\Support\\Collection->each(Object(Closure))
#7 E:\\wamp64\\www\\New-Project\\vendor\\laravel\\telescope\\src\\Telescope.php(568): Laravel\\Telescope\\Storage\\DatabaseEntriesRepository->store(Object(Illuminate\\Support\\Collection))
#8 E:\\wamp64\\www\\New-Project\\vendor\\laravel\\telescope\\src\\ListensForStorageOpportunities.php(44): Laravel\\Telescope\\Telescope::store(Object(Laravel\\Telescope\\Storage\\DatabaseEntriesRepository))
#9 [internal function]: Laravel\\Telescope\\Telescope::Laravel\\Telescope\\{closure}()
#10 E:\\wamp64\\www\\New-Project\\vendor\\laravel\\framework\\src\\Illuminate\\Container\\BoundMethod.php(32): call_user_func_array(Object(Closure), Array)
#11 E:\\wamp64\\www\\New-Project\\vendor\\laravel\\framework\\src\\Illuminate\\Container\\BoundMethod.php(78): Illuminate\\Container\\BoundMethod::Illuminate\\Container\\{closure}()
#12 E:\\wamp64\\www\\New-Project\\vendor\\laravel\\framework\\src\\Illuminate\\Container\\BoundMethod.php(34): Illuminate\\Container\\BoundMethod::callBoundMethod(Object(Illuminate\\Foundation\\Application), Object(Closure), Object(Closure))
#13 E:\\wamp64\\www\\New-Project\\vendor\\laravel\\framework\\src\\Illuminate\\Container\\Container.php(576): Illuminate\\Container\\BoundMethod::call(Object(Illuminate\\Foundation\\Application), Object(Closure), Array, NULL)
#14 E:\\wamp64\\www\\New-Project\\vendor\\laravel\\framework\\src\\Illuminate\\Foundation\\Application.php(1009): Illuminate\\Container\\Container->call(Object(Closure))
#15 E:\\wamp64\\www\\New-Project\\vendor\\laravel\\framework\\src\\Illuminate\\Foundation\\Http\\Kernel.php(191): Illuminate\\Foundation\\Application->terminate()
#16 E:\\wamp64\\www\\New-Project\\public\\index.php(60): Illuminate\\Foundation\\Http\\Kernel->terminate(Object(Illuminate\\Http\\Request), Object(Illuminate\\Http\\Response))
#17 {main}
"} 
[2020-04-04 16:25:37] local.ERROR: The Telescope assets are not published. Please run: php artisan telescope:publish {"exception":"[object] (RuntimeException(code: 0): The Telescope assets are not published. Please run: php artisan telescope:publish at E:\\wamp64\\www\\New-Project\\vendor\\laravel\\telescope\\src\\Telescope.php:724)
[stacktrace]
#0 E:\\wamp64\\www\\New-Project\\vendor\\laravel\\telescope\\src\\Http\\Controllers\\HomeController.php(20): Laravel\\Telescope\\Telescope::assetsAreCurrent()
#1 [internal function]: Laravel\\Telescope\\Http\\Controllers\\HomeController->index()
#2 E:\\wamp64\\www\\New-Project\\vendor\\laravel\\framework\\src\\Illuminate\\Routing\\Controller.php(54): call_user_func_array(Array, Array)
#3 E:\\wamp64\\www\\New-Project\\vendor\\laravel\\framework\\src\\Illuminate\\Routing\\ControllerDispatcher.php(45): Illuminate\\Routing\\Controller->callAction('index', Array)
#4 E:\\wamp64\\www\\New-Project\\vendor\\laravel\\framework\\src\\Illuminate\\Routing\\Route.php(219): Illuminate\\Routing\\ControllerDispatcher->dispatch(Object(Illuminate\\Routing\\Route), Object(Laravel\\Telescope\\Http\\Controllers\\HomeController), 'index')
#5 E:\\wamp64\\www\\New-Project\\vendor\\laravel\\framework\\src\\Illuminate\\Routing\\Route.php(176): Illuminate\\Routing\\Route->runController()
#6 E:\\wamp64\\www\\New-Project\\vendor\\laravel\\framework\\src\\Illuminate\\Routing\\Router.php(680): Illuminate\\Routing\\Route->run()
#7 E:\\wamp64\\www\\New-Project\\vendor\\laravel\\framework\\src\\Illuminate\\Routing\\Pipeline.php(30): Illuminate\\Routing\\Router->Illuminate\\Routing\\{closure}(Object(Illuminate\\Http\\Request))
#8 E:\\wamp64\\www\\New-Project\\vendor\\laravel\\telescope\\src\\Http\\Middleware\\Authorize.php(18): Illuminate\\Routing\\Pipeline->Illuminate\\Routing\\{closure}(Object(Illuminate\\Http\\Request))
#9 E:\\wamp64\\www\\New-Project\\vendor\\laravel\\framework\\src\\Illuminate\\Pipeline\\Pipeline.php(163): Laravel\\Telescope\\Http\\Middleware\\Authorize->handle(Object(Illuminate\\Http\\Request), Object(Closure))
#10 E:\\wamp64\\www\\New-Project\\vendor\\laravel\\framework\\src\\Illuminate\\Routing\\Pipeline.php(53): Illuminate\\Pipeline\\Pipeline->Illuminate\\Pipeline\\{closure}(Object(Illuminate\\Http\\Request))
#11 E:\\wamp64\\www\\New-Project\\vendor\\laravel\\framework\\src\\Illuminate\\Routing\\Middleware\\SubstituteBindings.php(41): Illuminate\\Routing\\Pipeline->Illuminate\\Routing\\{closure}(Object(Illuminate\\Http\\Request))
#12 E:\\wamp64\\www\\New-Project\\vendor\\laravel\\framework\\src\\Illuminate\\Pipeline\\Pipeline.php(163): Illuminate\\Routing\\Middleware\\SubstituteBindings->handle(Object(Illuminate\\Http\\Request), Object(Closure))
#13 E:\\wamp64\\www\\New-Project\\vendor\\laravel\\framework\\src\\Illuminate\\Routing\\Pipeline.php(53): Illuminate\\Pipeline\\Pipeline->Illuminate\\Pipeline\\{closure}(Object(Illuminate\\Http\\Request))
#14 E:\\wamp64\\www\\New-Project\\vendor\\laravel\\framework\\src\\Illuminate\\Foundation\\Http\\Middleware\\VerifyCsrfToken.php(75): Illuminate\\Routing\\Pipeline->Illuminate\\Routing\\{closure}(Object(Illuminate\\Http\\Request))
#15 E:\\wamp64\\www\\New-Project\\vendor\\laravel\\framework\\src\\Illuminate\\Pipeline\\Pipeline.php(163): Illuminate\\Foundation\\Http\\Middleware\\VerifyCsrfToken->handle(Object(Illuminate\\Http\\Request), Object(Closure))
#16 E:\\wamp64\\www\\New-Project\\vendor\\laravel\\framework\\src\\Illuminate\\Routing\\Pipeline.php(53): Illuminate\\Pipeline\\Pipeline->Illuminate\\Pipeline\\{closure}(Object(Illuminate\\Http\\Request))
#17 E:\\wamp64\\www\\New-Project\\vendor\\laravel\\framework\\src\\Illuminate\\Session\\Middleware\\AuthenticateSession.php(39): Illuminate\\Routing\\Pipeline->Illuminate\\Routing\\{closure}(Object(Illuminate\\Http\\Request))
#18 E:\\wamp64\\www\\New-Project\\vendor\\laravel\\framework\\src\\Illuminate\\Pipeline\\Pipeline.php(163): Illuminate\\Session\\Middleware\\AuthenticateSession->handle(Object(Illuminate\\Http\\Request), Object(Closure))
#19 E:\\wamp64\\www\\New-Project\\vendor\\laravel\\framework\\src\\Illuminate\\Routing\\Pipeline.php(53): Illuminate\\Pipeline\\Pipeline->Illuminate\\Pipeline\\{closure}(Object(Illuminate\\Http\\Request))
#20 E:\\wamp64\\www\\New-Project\\vendor\\laravel\\framework\\src\\Illuminate\\View\\Middleware\\ShareErrorsFromSession.php(49): Illuminate\\Routing\\Pipeline->Illuminate\\Routing\\{closure}(Object(Illuminate\\Http\\Request))
#21 E:\\wamp64\\www\\New-Project\\vendor\\laravel\\framework\\src\\Illuminate\\Pipeline\\Pipeline.php(163): Illuminate\\View\\Middleware\\ShareErrorsFromSession->handle(Object(Illuminate\\Http\\Request), Object(Closure))
#22 E:\\wamp64\\www\\New-Project\\vendor\\laravel\\framework\\src\\Illuminate\\Routing\\Pipeline.php(53): Illuminate\\Pipeline\\Pipeline->Illuminate\\Pipeline\\{closure}(Object(Illuminate\\Http\\Request))
#23 E:\\wamp64\\www\\New-Project\\vendor\\laravel\\framework\\src\\Illuminate\\Session\\Middleware\\StartSession.php(56): Illuminate\\Routing\\Pipeline->Illuminate\\Routing\\{closure}(Object(Illuminate\\Http\\Request))
#24 E:\\wamp64\\www\\New-Project\\vendor\\laravel\\framework\\src\\Illuminate\\Pipeline\\Pipeline.php(163): Illuminate\\Session\\Middleware\\StartSession->handle(Object(Illuminate\\Http\\Request), Object(Closure))
#25 E:\\wamp64\\www\\New-Project\\vendor\\laravel\\framework\\src\\Illuminate\\Routing\\Pipeline.php(53): Illuminate\\Pipeline\\Pipeline->Illuminate\\Pipeline\\{closure}(Object(Illuminate\\Http\\Request))
#26 E:\\wamp64\\www\\New-Project\\vendor\\laravel\\framework\\src\\Illuminate\\Cookie\\Middleware\\AddQueuedCookiesToResponse.php(37): Illuminate\\Routing\\Pipeline->Illuminate\\Routing\\{closure}(Object(Illuminate\\Http\\Request))
#27 E:\\wamp64\\www\\New-Project\\vendor\\laravel\\framework\\src\\Illuminate\\Pipeline\\Pipeline.php(163): Illuminate\\Cookie\\Middleware\\AddQueuedCookiesToResponse->handle(Object(Illuminate\\Http\\Request), Object(Closure))
#28 E:\\wamp64\\www\\New-Project\\vendor\\laravel\\framework\\src\\Illuminate\\Routing\\Pipeline.php(53): Illuminate\\Pipeline\\Pipeline->Illuminate\\Pipeline\\{closure}(Object(Illuminate\\Http\\Request))
#29 E:\\wamp64\\www\\New-Project\\vendor\\laravel\\framework\\src\\Illuminate\\Cookie\\Middleware\\EncryptCookies.php(66): Illuminate\\Routing\\Pipeline->Illuminate\\Routing\\{closure}(Object(Illuminate\\Http\\Request))
#30 E:\\wamp64\\www\\New-Project\\vendor\\laravel\\framework\\src\\Illuminate\\Pipeline\\Pipeline.php(163): Illuminate\\Cookie\\Middleware\\EncryptCookies->handle(Object(Illuminate\\Http\\Request), Object(Closure))
#31 E:\\wamp64\\www\\New-Project\\vendor\\laravel\\framework\\src\\Illuminate\\Routing\\Pipeline.php(53): Illuminate\\Pipeline\\Pipeline->Illuminate\\Pipeline\\{closure}(Object(Illuminate\\Http\\Request))
#32 E:\\wamp64\\www\\New-Project\\vendor\\laravel\\framework\\src\\Illuminate\\Pipeline\\Pipeline.php(104): Illuminate\\Routing\\Pipeline->Illuminate\\Routing\\{closure}(Object(Illuminate\\Http\\Request))
#33 E:\\wamp64\\www\\New-Project\\vendor\\laravel\\framework\\src\\Illuminate\\Routing\\Router.php(682): Illuminate\\Pipeline\\Pipeline->then(Object(Closure))
#34 E:\\wamp64\\www\\New-Project\\vendor\\laravel\\framework\\src\\Illuminate\\Routing\\Router.php(657): Illuminate\\Routing\\Router->runRouteWithinStack(Object(Illuminate\\Routing\\Route), Object(Illuminate\\Http\\Request))
#35 E:\\wamp64\\www\\New-Project\\vendor\\laravel\\framework\\src\\Illuminate\\Routing\\Router.php(623): Illuminate\\Routing\\Router->runRoute(Object(Illuminate\\Http\\Request), Object(Illuminate\\Routing\\Route))
#36 E:\\wamp64\\www\\New-Project\\vendor\\laravel\\framework\\src\\Illuminate\\Routing\\Router.php(612): Illuminate\\Routing\\Router->dispatchToRoute(Object(Illuminate\\Http\\Request))
#37 E:\\wamp64\\www\\New-Project\\vendor\\laravel\\framework\\src\\Illuminate\\Foundation\\Http\\Kernel.php(176): Illuminate\\Routing\\Router->dispatch(Object(Illuminate\\Http\\Request))
#38 E:\\wamp64\\www\\New-Project\\vendor\\laravel\\framework\\src\\Illuminate\\Routing\\Pipeline.php(30): Illuminate\\Foundation\\Http\\Kernel->Illuminate\\Foundation\\Http\\{closure}(Object(Illuminate\\Http\\Request))
#39 E:\\wamp64\\www\\New-Project\\vendor\\fideloper\\proxy\\src\\TrustProxies.php(57): Illuminate\\Routing\\Pipeline->Illuminate\\Routing\\{closure}(Object(Illuminate\\Http\\Request))
#40 E:\\wamp64\\www\\New-Project\\vendor\\laravel\\framework\\src\\Illuminate\\Pipeline\\Pipeline.php(163): Fideloper\\Proxy\\TrustProxies->handle(Object(Illuminate\\Http\\Request), Object(Closure))
#41 E:\\wamp64\\www\\New-Project\\vendor\\laravel\\framework\\src\\Illuminate\\Routing\\Pipeline.php(53): Illuminate\\Pipeline\\Pipeline->Illuminate\\Pipeline\\{closure}(Object(Illuminate\\Http\\Request))
#42 E:\\wamp64\\www\\New-Project\\vendor\\laravel\\framework\\src\\Illuminate\\Foundation\\Http\\Middleware\\TransformsRequest.php(21): Illuminate\\Routing\\Pipeline->Illuminate\\Routing\\{closure}(Object(Illuminate\\Http\\Request))
#43 E:\\wamp64\\www\\New-Project\\vendor\\laravel\\framework\\src\\Illuminate\\Pipeline\\Pipeline.php(163): Illuminate\\Foundation\\Http\\Middleware\\TransformsRequest->handle(Object(Illuminate\\Http\\Request), Object(Closure))
#44 E:\\wamp64\\www\\New-Project\\vendor\\laravel\\framework\\src\\Illuminate\\Routing\\Pipeline.php(53): Illuminate\\Pipeline\\Pipeline->Illuminate\\Pipeline\\{closure}(Object(Illuminate\\Http\\Request))
#45 E:\\wamp64\\www\\New-Project\\vendor\\laravel\\framework\\src\\Illuminate\\Foundation\\Http\\Middleware\\TransformsRequest.php(21): Illuminate\\Routing\\Pipeline->Illuminate\\Routing\\{closure}(Object(Illuminate\\Http\\Request))
#46 E:\\wamp64\\www\\New-Project\\vendor\\laravel\\framework\\src\\Illuminate\\Pipeline\\Pipeline.php(163): Illuminate\\Foundation\\Http\\Middleware\\TransformsRequest->handle(Object(Illuminate\\Http\\Request), Object(Closure))
#47 E:\\wamp64\\www\\New-Project\\vendor\\laravel\\framework\\src\\Illuminate\\Routing\\Pipeline.php(53): Illuminate\\Pipeline\\Pipeline->Illuminate\\Pipeline\\{closure}(Object(Illuminate\\Http\\Request))
#48 E:\\wamp64\\www\\New-Project\\vendor\\laravel\\framework\\src\\Illuminate\\Foundation\\Http\\Middleware\\ValidatePostSize.php(27): Illuminate\\Routing\\Pipeline->Illuminate\\Routing\\{closure}(Object(Illuminate\\Http\\Request))
#49 E:\\wamp64\\www\\New-Project\\vendor\\laravel\\framework\\src\\Illuminate\\Pipeline\\Pipeline.php(163): Illuminate\\Foundation\\Http\\Middleware\\ValidatePostSize->handle(Object(Illuminate\\Http\\Request), Object(Closure))
#50 E:\\wamp64\\www\\New-Project\\vendor\\laravel\\framework\\src\\Illuminate\\Routing\\Pipeline.php(53): Illuminate\\Pipeline\\Pipeline->Illuminate\\Pipeline\\{closure}(Object(Illuminate\\Http\\Request))
#51 E:\\wamp64\\www\\New-Project\\vendor\\laravel\\framework\\src\\Illuminate\\Foundation\\Http\\Middleware\\CheckForMaintenanceMode.php(62): Illuminate\\Routing\\Pipeline->Illuminate\\Routing\\{closure}(Object(Illuminate\\Http\\Request))
#52 E:\\wamp64\\www\\New-Project\\vendor\\laravel\\framework\\src\\Illuminate\\Pipeline\\Pipeline.php(163): Illuminate\\Foundation\\Http\\Middleware\\CheckForMaintenanceMode->handle(Object(Illuminate\\Http\\Request), Object(Closure))
#53 E:\\wamp64\\www\\New-Project\\vendor\\laravel\\framework\\src\\Illuminate\\Routing\\Pipeline.php(53): Illuminate\\Pipeline\\Pipeline->Illuminate\\Pipeline\\{closure}(Object(Illuminate\\Http\\Request))
#54 E:\\wamp64\\www\\New-Project\\vendor\\laravel\\framework\\src\\Illuminate\\Pipeline\\Pipeline.php(104): Illuminate\\Routing\\Pipeline->Illuminate\\Routing\\{closure}(Object(Illuminate\\Http\\Request))
#55 E:\\wamp64\\www\\New-Project\\vendor\\laravel\\framework\\src\\Illuminate\\Foundation\\Http\\Kernel.php(151): Illuminate\\Pipeline\\Pipeline->then(Object(Closure))
#56 E:\\wamp64\\www\\New-Project\\vendor\\laravel\\framework\\src\\Illuminate\\Foundation\\Http\\Kernel.php(116): Illuminate\\Foundation\\Http\\Kernel->sendRequestThroughRouter(Object(Illuminate\\Http\\Request))
#57 E:\\wamp64\\www\\New-Project\\public\\index.php(55): Illuminate\\Foundation\\Http\\Kernel->handle(Object(Illuminate\\Http\\Request))
#58 {main}
"} 
[2020-04-04 16:26:40] local.ERROR: Command "telescope" is not defined.

Did you mean one of these?
    telescope:clear
    telescope:install
    telescope:prune
    telescope:publish {"exception":"[object] (Symfony\\Component\\Console\\Exception\\CommandNotFoundException(code: 0): Command \"telescope\" is not defined.

Did you mean one of these?
    telescope:clear
    telescope:install
    telescope:prune
    telescope:publish at E:\\wamp64\\www\\New-Project\\vendor\\symfony\\console\\Application.php:639)
[stacktrace]
#0 E:\\wamp64\\www\\New-Project\\vendor\\symfony\\console\\Application.php(233): Symfony\\Component\\Console\\Application->find('telescope')
#1 E:\\wamp64\\www\\New-Project\\vendor\\symfony\\console\\Application.php(145): Symfony\\Component\\Console\\Application->doRun(Object(Symfony\\Component\\Console\\Input\\ArgvInput), Object(Symfony\\Component\\Console\\Output\\ConsoleOutput))
#2 E:\\wamp64\\www\\New-Project\\vendor\\laravel\\framework\\src\\Illuminate\\Console\\Application.php(90): Symfony\\Component\\Console\\Application->run(Object(Symfony\\Component\\Console\\Input\\ArgvInput), Object(Symfony\\Component\\Console\\Output\\ConsoleOutput))
#3 E:\\wamp64\\www\\New-Project\\vendor\\laravel\\framework\\src\\Illuminate\\Foundation\\Console\\Kernel.php(122): Illuminate\\Console\\Application->run(Object(Symfony\\Component\\Console\\Input\\ArgvInput), Object(Symfony\\Component\\Console\\Output\\ConsoleOutput))
#4 E:\\wamp64\\www\\New-Project\\artisan(37): Illuminate\\Foundation\\Console\\Kernel->handle(Object(Symfony\\Component\\Console\\Input\\ArgvInput), Object(Symfony\\Component\\Console\\Output\\ConsoleOutput))
#5 {main}
"} 
[2020-04-04 16:26:40] local.ERROR: SQLSTATE[42S02]: Base table or view not found: 1146 Table 'fm.telescope_entries' doesn't exist (SQL: select count(*) as aggregate from `telescope_entries` where `type` = exception and `family_hash` = 9505f1bae0365388fe00e12fcb63fea1) {"exception":"[object] (Illuminate\\Database\\QueryException(code: 42S02): SQLSTATE[42S02]: Base table or view not found: 1146 Table 'fm.telescope_entries' doesn't exist (SQL: select count(*) as aggregate from `telescope_entries` where `type` = exception and `family_hash` = 9505f1bae0365388fe00e12fcb63fea1) at E:\\wamp64\\www\\New-Project\\vendor\\laravel\\framework\\src\\Illuminate\\Database\\Connection.php:664, PDOException(code: 42S02): SQLSTATE[42S02]: Base table or view not found: 1146 Table 'fm.telescope_entries' doesn't exist at E:\\wamp64\\www\\New-Project\\vendor\\laravel\\framework\\src\\Illuminate\\Database\\Connection.php:326)
[stacktrace]
#0 E:\\wamp64\\www\\New-Project\\vendor\\laravel\\framework\\src\\Illuminate\\Database\\Connection.php(624): Illuminate\\Database\\Connection->runQueryCallback('select count(*)...', Array, Object(Closure))
#1 E:\\wamp64\\www\\New-Project\\vendor\\laravel\\framework\\src\\Illuminate\\Database\\Connection.php(333): Illuminate\\Database\\Connection->run('select count(*)...', Array, Object(Closure))
#2 E:\\wamp64\\www\\New-Project\\vendor\\laravel\\framework\\src\\Illuminate\\Database\\Query\\Builder.php(2124): Illuminate\\Database\\Connection->select('select count(*)...', Array, true)
#3 E:\\wamp64\\www\\New-Project\\vendor\\laravel\\framework\\src\\Illuminate\\Database\\Query\\Builder.php(2112): Illuminate\\Database\\Query\\Builder->runSelect()
#4 E:\\wamp64\\www\\New-Project\\vendor\\laravel\\framework\\src\\Illuminate\\Database\\Query\\Builder.php(2598): Illuminate\\Database\\Query\\Builder->Illuminate\\Database\\Query\\{closure}()
#5 E:\\wamp64\\www\\New-Project\\vendor\\laravel\\framework\\src\\Illuminate\\Database\\Query\\Builder.php(2113): Illuminate\\Database\\Query\\Builder->onceWithColumns(Array, Object(Closure))
#6 E:\\wamp64\\www\\New-Project\\vendor\\laravel\\framework\\src\\Illuminate\\Database\\Query\\Builder.php(2525): Illuminate\\Database\\Query\\Builder->get(Array)
#7 E:\\wamp64\\www\\New-Project\\vendor\\laravel\\framework\\src\\Illuminate\\Database\\Query\\Builder.php(2453): Illuminate\\Database\\Query\\Builder->aggregate('count', Array)
#8 E:\\wamp64\\www\\New-Project\\vendor\\laravel\\telescope\\src\\Storage\\DatabaseEntriesRepository.php(122): Illuminate\\Database\\Query\\Builder->count()
#9 E:\\wamp64\\www\\New-Project\\vendor\\laravel\\telescope\\src\\Storage\\DatabaseEntriesRepository.php(164): Laravel\\Telescope\\Storage\\DatabaseEntriesRepository->countExceptionOccurences(Object(Laravel\\Telescope\\IncomingExceptionEntry))
#10 [internal function]: Laravel\\Telescope\\Storage\\DatabaseEntriesRepository->Laravel\\Telescope\\Storage\\{closure}(Object(Laravel\\Telescope\\IncomingExceptionEntry), 0)
#11 E:\\wamp64\\www\\New-Project\\vendor\\laravel\\framework\\src\\Illuminate\\Support\\Collection.php(1120): array_map(Object(Closure), Array, Array)
#12 E:\\wamp64\\www\\New-Project\\vendor\\laravel\\telescope\\src\\Storage\\DatabaseEntriesRepository.php(177): Illuminate\\Support\\Collection->map(Object(Closure))
#13 E:\\wamp64\\www\\New-Project\\vendor\\laravel\\framework\\src\\Illuminate\\Support\\Collection.php(475): Laravel\\Telescope\\Storage\\DatabaseEntriesRepository->Laravel\\Telescope\\Storage\\{closure}(Object(Illuminate\\Support\\Collection), 0)
#14 E:\\wamp64\\www\\New-Project\\vendor\\laravel\\telescope\\src\\Storage\\DatabaseEntriesRepository.php(178): Illuminate\\Support\\Collection->each(Object(Closure))
#15 E:\\wamp64\\www\\New-Project\\vendor\\laravel\\telescope\\src\\Storage\\DatabaseEntriesRepository.php(139): Laravel\\Telescope\\Storage\\DatabaseEntriesRepository->storeExceptions(Object(Illuminate\\Support\\Collection))
#16 E:\\wamp64\\www\\New-Project\\vendor\\laravel\\telescope\\src\\Telescope.php(568): Laravel\\Telescope\\Storage\\DatabaseEntriesRepository->store(Object(Illuminate\\Support\\Collection))
#17 E:\\wamp64\\www\\New-Project\\vendor\\laravel\\telescope\\src\\ListensForStorageOpportunities.php(44): Laravel\\Telescope\\Telescope::store(Object(Laravel\\Telescope\\Storage\\DatabaseEntriesRepository))
#18 [internal function]: Laravel\\Telescope\\Telescope::Laravel\\Telescope\\{closure}()
#19 E:\\wamp64\\www\\New-Project\\vendor\\laravel\\framework\\src\\Illuminate\\Container\\BoundMethod.php(32): call_user_func_array(Object(Closure), Array)
#20 E:\\wamp64\\www\\New-Project\\vendor\\laravel\\framework\\src\\Illuminate\\Container\\BoundMethod.php(78): Illuminate\\Container\\BoundMethod::Illuminate\\Container\\{closure}()
#21 E:\\wamp64\\www\\New-Project\\vendor\\laravel\\framework\\src\\Illuminate\\Container\\BoundMethod.php(34): Illuminate\\Container\\BoundMethod::callBoundMethod(Object(Illuminate\\Foundation\\Application), Object(Closure), Object(Closure))
#22 E:\\wamp64\\www\\New-Project\\vendor\\laravel\\framework\\src\\Illuminate\\Container\\Container.php(576): Illuminate\\Container\\BoundMethod::call(Object(Illuminate\\Foundation\\Application), Object(Closure), Array, NULL)
#23 E:\\wamp64\\www\\New-Project\\vendor\\laravel\\framework\\src\\Illuminate\\Foundation\\Application.php(1009): Illuminate\\Container\\Container->call(Object(Closure))
#24 E:\\wamp64\\www\\New-Project\\vendor\\laravel\\framework\\src\\Illuminate\\Foundation\\Console\\Kernel.php(149): Illuminate\\Foundation\\Application->terminate()
#25 E:\\wamp64\\www\\New-Project\\artisan(51): Illuminate\\Foundation\\Console\\Kernel->terminate(Object(Symfony\\Component\\Console\\Input\\ArgvInput), 1)
#26 {main}
"} 
[2020-04-04 16:26:45] local.ERROR: SQLSTATE[42S02]: Base table or view not found: 1146 Table 'fm.telescope_entries' doesn't exist (SQL: insert into `telescope_entries` (`batch_id`, `content`, `created_at`, `family_hash`, `type`, `uuid`) values (903f5999-b6cf-460c-bbbd-3648d39d16f3, {"command":"telescope:install","exit_code":0,"arguments":{"command":"telescope:install"},"options":{"help":false,"quiet":false,"verbose":false,"version":false,"ansi":false,"no-ansi":false,"no-interaction":false,"env":null},"hostname":"DESKTOP-C8R71JV"}, 2020-04-04 16:26:45, ?, command, 903f5999-b0c0-43da-9b8f-350c53fbc451)) {"exception":"[object] (Illuminate\\Database\\QueryException(code: 42S02): SQLSTATE[42S02]: Base table or view not found: 1146 Table 'fm.telescope_entries' doesn't exist (SQL: insert into `telescope_entries` (`batch_id`, `content`, `created_at`, `family_hash`, `type`, `uuid`) values (903f5999-b6cf-460c-bbbd-3648d39d16f3, {\"command\":\"telescope:install\",\"exit_code\":0,\"arguments\":{\"command\":\"telescope:install\"},\"options\":{\"help\":false,\"quiet\":false,\"verbose\":false,\"version\":false,\"ansi\":false,\"no-ansi\":false,\"no-interaction\":false,\"env\":null},\"hostname\":\"DESKTOP-C8R71JV\"}, 2020-04-04 16:26:45, ?, command, 903f5999-b0c0-43da-9b8f-350c53fbc451)) at E:\\wamp64\\www\\New-Project\\vendor\\laravel\\framework\\src\\Illuminate\\Database\\Connection.php:664, PDOException(code: 42S02): SQLSTATE[42S02]: Base table or view not found: 1146 Table 'fm.telescope_entries' doesn't exist at E:\\wamp64\\www\\New-Project\\vendor\\laravel\\framework\\src\\Illuminate\\Database\\Connection.php:452)
[stacktrace]
#0 E:\\wamp64\\www\\New-Project\\vendor\\laravel\\framework\\src\\Illuminate\\Database\\Connection.php(624): Illuminate\\Database\\Connection->runQueryCallback('insert into `te...', Array, Object(Closure))
#1 E:\\wamp64\\www\\New-Project\\vendor\\laravel\\framework\\src\\Illuminate\\Database\\Connection.php(459): Illuminate\\Database\\Connection->run('insert into `te...', Array, Object(Closure))
#2 E:\\wamp64\\www\\New-Project\\vendor\\laravel\\framework\\src\\Illuminate\\Database\\Connection.php(411): Illuminate\\Database\\Connection->statement('insert into `te...', Array)
#3 E:\\wamp64\\www\\New-Project\\vendor\\laravel\\framework\\src\\Illuminate\\Database\\Query\\Builder.php(2640): Illuminate\\Database\\Connection->insert('insert into `te...', Array)
#4 E:\\wamp64\\www\\New-Project\\vendor\\laravel\\telescope\\src\\Storage\\DatabaseEntriesRepository.php(148): Illuminate\\Database\\Query\\Builder->insert(Array)
#5 E:\\wamp64\\www\\New-Project\\vendor\\laravel\\framework\\src\\Illuminate\\Support\\Collection.php(475): Laravel\\Telescope\\Storage\\DatabaseEntriesRepository->Laravel\\Telescope\\Storage\\{closure}(Object(Illuminate\\Support\\Collection), 0)
#6 E:\\wamp64\\www\\New-Project\\vendor\\laravel\\telescope\\src\\Storage\\DatabaseEntriesRepository.php(149): Illuminate\\Support\\Collection->each(Object(Closure))
#7 E:\\wamp64\\www\\New-Project\\vendor\\laravel\\telescope\\src\\Telescope.php(568): Laravel\\Telescope\\Storage\\DatabaseEntriesRepository->store(Object(Illuminate\\Support\\Collection))
#8 E:\\wamp64\\www\\New-Project\\vendor\\laravel\\telescope\\src\\ListensForStorageOpportunities.php(44): Laravel\\Telescope\\Telescope::store(Object(Laravel\\Telescope\\Storage\\DatabaseEntriesRepository))
#9 [internal function]: Laravel\\Telescope\\Telescope::Laravel\\Telescope\\{closure}()
#10 E:\\wamp64\\www\\New-Project\\vendor\\laravel\\framework\\src\\Illuminate\\Container\\BoundMethod.php(32): call_user_func_array(Object(Closure), Array)
#11 E:\\wamp64\\www\\New-Project\\vendor\\laravel\\framework\\src\\Illuminate\\Container\\BoundMethod.php(78): Illuminate\\Container\\BoundMethod::Illuminate\\Container\\{closure}()
#12 E:\\wamp64\\www\\New-Project\\vendor\\laravel\\framework\\src\\Illuminate\\Container\\BoundMethod.php(34): Illuminate\\Container\\BoundMethod::callBoundMethod(Object(Illuminate\\Foundation\\Application), Object(Closure), Object(Closure))
#13 E:\\wamp64\\www\\New-Project\\vendor\\laravel\\framework\\src\\Illuminate\\Container\\Container.php(576): Illuminate\\Container\\BoundMethod::call(Object(Illuminate\\Foundation\\Application), Object(Closure), Array, NULL)
#14 E:\\wamp64\\www\\New-Project\\vendor\\laravel\\framework\\src\\Illuminate\\Foundation\\Application.php(1009): Illuminate\\Container\\Container->call(Object(Closure))
#15 E:\\wamp64\\www\\New-Project\\vendor\\laravel\\framework\\src\\Illuminate\\Foundation\\Console\\Kernel.php(149): Illuminate\\Foundation\\Application->terminate()
#16 E:\\wamp64\\www\\New-Project\\artisan(51): Illuminate\\Foundation\\Console\\Kernel->terminate(Object(Symfony\\Component\\Console\\Input\\ArgvInput), 0)
#17 {main}
"} 
